<?xml version="1.0" encoding="UTF-8"?>
<testng-results skipped="0" failed="1" ignored="0" total="2" passed="1">
  <reporter-output>
  </reporter-output>
  <suite name="Default suite" duration-ms="30320" started-at="2021-08-23T10:32:11 IST" finished-at="2021-08-23T10:32:41 IST">
    <groups>
    </groups>
    <test name="Default test" duration-ms="30320" started-at="2021-08-23T10:32:11 IST" finished-at="2021-08-23T10:32:41 IST">
      <class name="testLayerpackage.homePageTest">
        <test-method status="PASS" signature="SetUp()[pri:0, instance:testLayerpackage.homePageTest@37d31475]" name="SetUp" is-config="true" duration-ms="9419" started-at="2021-08-23T10:32:11 IST" finished-at="2021-08-23T10:32:20 IST">
          <reporter-output>
          </reporter-output>
        </test-method> <!-- SetUp -->
        <test-method status="PASS" signature="usernamefunctionality()[pri:1, instance:testLayerpackage.homePageTest@37d31475]" name="usernamefunctionality" duration-ms="19975" started-at="2021-08-23T10:32:20 IST" finished-at="2021-08-23T10:32:40 IST">
          <reporter-output>
          </reporter-output>
        </test-method> <!-- usernamefunctionality -->
        <test-method status="FAIL" signature="loggeduserfunctionality()[pri:2, instance:testLayerpackage.homePageTest@37d31475]" name="loggeduserfunctionality" duration-ms="11" started-at="2021-08-23T10:32:40 IST" finished-at="2021-08-23T10:32:40 IST">
          <exception class="java.lang.NullPointerException">
            <full-stacktrace>
              <![CDATA[java.lang.NullPointerException
at PageLayerPackage.HomePage.ValidateloginUser(HomePage.java:23)
at testLayerpackage.homePageTest.loggeduserfunctionality(homePageTest.java:37)
at sun.reflect.NativeMethodAccessorImpl.invoke0(Native Method)
at sun.reflect.NativeMethodAccessorImpl.invoke(Unknown Source)
at sun.reflect.DelegatingMethodAccessorImpl.invoke(Unknown Source)
at java.lang.reflect.Method.invoke(Unknown Source)
at org.testng.internal.MethodInvocationHelper.invokeMethod(MethodInvocationHelper.java:133)
at org.testng.internal.TestInvoker.invokeMethod(TestInvoker.java:598)
at org.testng.internal.TestInvoker.invokeTestMethod(TestInvoker.java:173)
at org.testng.internal.MethodRunner.runInSequence(MethodRunner.java:46)
at org.testng.internal.TestInvoker$MethodInvocationAgent.invoke(TestInvoker.java:824)
at org.testng.internal.TestInvoker.invokeTestMethods(TestInvoker.java:146)
at org.testng.internal.TestMethodWorker.invokeTestMethods(TestMethodWorker.java:146)
at org.testng.internal.TestMethodWorker.run(TestMethodWorker.java:128)
at java.util.ArrayList.forEach(Unknown Source)
at org.testng.TestRunner.privateRun(TestRunner.java:794)
at org.testng.TestRunner.run(TestRunner.java:596)
at org.testng.SuiteRunner.runTest(SuiteRunner.java:377)
at org.testng.SuiteRunner.runSequentially(SuiteRunner.java:371)
at org.testng.SuiteRunner.privateRun(SuiteRunner.java:332)
at org.testng.SuiteRunner.run(SuiteRunner.java:276)
at org.testng.SuiteRunnerWorker.runSuite(SuiteRunnerWorker.java:53)
at org.testng.SuiteRunnerWorker.run(SuiteRunnerWorker.java:96)
at org.testng.TestNG.runSuitesSequentially(TestNG.java:1212)
at org.testng.TestNG.runSuitesLocally(TestNG.java:1134)
at org.testng.TestNG.runSuites(TestNG.java:1063)
at org.testng.TestNG.run(TestNG.java:1031)
at org.testng.remote.AbstractRemoteTestNG.run(AbstractRemoteTestNG.java:115)
at org.testng.remote.RemoteTestNG.initAndRun(RemoteTestNG.java:251)
at org.testng.remote.RemoteTestNG.main(RemoteTestNG.java:77)
]]>
            </full-stacktrace>
          </exception> <!-- java.lang.NullPointerException -->
          <reporter-output>
          </reporter-output>
        </test-method> <!-- loggeduserfunctionality -->
        <test-method status="PASS" signature="TearDown()[pri:0, instance:testLayerpackage.homePageTest@37d31475]" name="TearDown" is-config="true" duration-ms="694" started-at="2021-08-23T10:32:40 IST" finished-at="2021-08-23T10:32:41 IST">
          <reporter-output>
          </reporter-output>
        </test-method> <!-- TearDown -->
      </class> <!-- testLayerpackage.homePageTest -->
    </test> <!-- Default test -->
  </suite> <!-- Default suite -->
</testng-results>
